{"D:\\Ashen\\ashencrm\\frontend\\src\\constants\\clientStages.ts": {"path":"D:\\Ashen\\ashencrm\\frontend\\src\\constants\\clientStages.ts","statementMap":{"0":{"start":{"line":2,"column":29},"end":{"line":12,"column":null}},"1":{"start":{"line":15,"column":14},"end":{"line":15,"column":58}},"2":{"start":{"line":15,"column":40},"end":{"line":15,"column":58}},"3":{"start":{"line":16,"column":2},"end":{"line":16,"column":null}}},"fnMap":{"0":{"name":"clientStageLabel","decl":{"start":{"line":14,"column":16},"end":{"line":14,"column":33}},"loc":{"start":{"line":14,"column":56},"end":{"line":16,"column":null}},"line":14},"1":{"name":"(anonymous_1)","decl":{"start":{"line":15,"column":28},"end":{"line":15,"column":34}},"loc":{"start":{"line":15,"column":40},"end":{"line":15,"column":58}},"line":15}},"branchMap":{"0":{"loc":{"start":{"line":16,"column":9},"end":{"line":16,"column":null}},"type":"binary-expr","locations":[{"start":{"line":16,"column":9},"end":{"line":16,"column":23}},{"start":{"line":16,"column":23},"end":{"line":16,"column":null}}],"line":16}},"s":{"0":1,"1":2,"2":10,"3":2},"f":{"0":2,"1":10},"b":{"0":[2,1]},"meta":{"lastBranch":1,"lastFunction":2,"lastStatement":4,"seen":{"s:2:29:12:Infinity":0,"f:14:16:14:33":0,"s:15:14:15:58":1,"f:15:28:15:34":1,"s:15:40:15:58":2,"s:16:2:16:Infinity":3,"b:16:9:16:23:16:23:16:Infinity":0}}}
,"D:\\Ashen\\ashencrm\\frontend\\src\\constants\\index.ts": {"path":"D:\\Ashen\\ashencrm\\frontend\\src\\constants\\index.ts","statementMap":{"0":{"start":{"line":1,"column":19},"end":{"line":26,"column":null}},"1":{"start":{"line":15,"column":41},"end":{"line":15,"column":null}},"2":{"start":{"line":21,"column":33},"end":{"line":21,"column":null}},"3":{"start":{"line":28,"column":22},"end":{"line":94,"column":null}},"4":{"start":{"line":96,"column":30},"end":{"line":104,"column":null}},"5":{"start":{"line":106,"column":26},"end":{"line":110,"column":null}},"6":{"start":{"line":112,"column":31},"end":{"line":116,"column":null}},"7":{"start":{"line":118,"column":26},"end":{"line":118,"column":null}},"8":{"start":{"line":119,"column":24},"end":{"line":119,"column":null}},"9":{"start":{"line":120,"column":36},"end":{"line":120,"column":null}},"10":{"start":{"line":121,"column":28},"end":{"line":121,"column":null}},"11":{"start":{"line":122,"column":29},"end":{"line":122,"column":null}},"12":{"start":{"line":124,"column":34},"end":{"line":140,"column":null}}},"fnMap":{"0":{"name":"(anonymous_0)","decl":{"start":{"line":15,"column":2},"end":{"line":15,"column":22}},"loc":{"start":{"line":15,"column":41},"end":{"line":15,"column":null}},"line":15},"1":{"name":"(anonymous_1)","decl":{"start":{"line":21,"column":2},"end":{"line":21,"column":16}},"loc":{"start":{"line":21,"column":33},"end":{"line":21,"column":null}},"line":21}},"branchMap":{},"s":{"0":4,"1":1,"2":1,"3":4,"4":4,"5":4,"6":4,"7":4,"8":4,"9":4,"10":4,"11":4,"12":4},"f":{"0":1,"1":1},"b":{},"meta":{"lastBranch":0,"lastFunction":2,"lastStatement":13,"seen":{"s:1:19:26:Infinity":0,"f:15:2:15:22":0,"s:15:41:15:Infinity":1,"f:21:2:21:16":1,"s:21:33:21:Infinity":2,"s:28:22:94:Infinity":3,"s:96:30:104:Infinity":4,"s:106:26:110:Infinity":5,"s:112:31:116:Infinity":6,"s:118:26:118:Infinity":7,"s:119:24:119:Infinity":8,"s:120:36:120:Infinity":9,"s:121:28:121:Infinity":10,"s:122:29:122:Infinity":11,"s:124:34:140:Infinity":12}}}
,"D:\\Ashen\\ashencrm\\frontend\\src\\constants\\whatsappTemplatePlaceholders.ts": {"path":"D:\\Ashen\\ashencrm\\frontend\\src\\constants\\whatsappTemplatePlaceholders.ts","statementMap":{"0":{"start":{"line":2,"column":86},"end":{"line":20,"column":null}}},"fnMap":{},"branchMap":{},"s":{"0":1},"f":{},"b":{},"meta":{"lastBranch":0,"lastFunction":0,"lastStatement":1,"seen":{"s:2:86:20:Infinity":0}}}
,"D:\\Ashen\\ashencrm\\frontend\\src\\hooks\\useAppSettings.ts": {"path":"D:\\Ashen\\ashencrm\\frontend\\src\\hooks\\useAppSettings.ts","statementMap":{"0":{"start":{"line":6,"column":19},"end":{"line":6,"column":68}},"1":{"start":{"line":8,"column":8},"end":{"line":14,"column":8}},"2":{"start":{"line":9,"column":4},"end":{"line":12,"column":null}},"3":{"start":{"line":10,"column":6},"end":{"line":10,"column":null}},"4":{"start":{"line":12,"column":6},"end":{"line":12,"column":null}},"5":{"start":{"line":16,"column":2},"end":{"line":18,"column":null}},"6":{"start":{"line":17,"column":4},"end":{"line":17,"column":null}},"7":{"start":{"line":20,"column":2},"end":{"line":20,"column":null}}},"fnMap":{"0":{"name":"useAppSettings","decl":{"start":{"line":5,"column":16},"end":{"line":5,"column":33}},"loc":{"start":{"line":5,"column":33},"end":{"line":20,"column":null}},"line":5},"1":{"name":"(anonymous_1)","decl":{"start":{"line":8,"column":29},"end":{"line":8,"column":41}},"loc":{"start":{"line":8,"column":41},"end":{"line":14,"column":7}},"line":8},"2":{"name":"(anonymous_2)","decl":{"start":{"line":16,"column":2},"end":{"line":16,"column":18}},"loc":{"start":{"line":16,"column":18},"end":{"line":18,"column":6}},"line":16}},"branchMap":{},"s":{"0":3,"1":3,"2":2,"3":2,"4":1,"5":3,"6":2,"7":3},"f":{"0":3,"1":2,"2":2},"b":{},"meta":{"lastBranch":0,"lastFunction":3,"lastStatement":8,"seen":{"f:5:16:5:33":0,"s:6:19:6:68":0,"s:8:8:14:8":1,"f:8:29:8:41":1,"s:9:4:12:Infinity":2,"s:10:6:10:Infinity":3,"s:12:6:12:Infinity":4,"s:16:2:18:Infinity":5,"f:16:2:16:18":2,"s:17:4:17:Infinity":6,"s:20:2:20:Infinity":7}}}
,"D:\\Ashen\\ashencrm\\frontend\\src\\hooks\\useDebounce.ts": {"path":"D:\\Ashen\\ashencrm\\frontend\\src\\hooks\\useDebounce.ts","statementMap":{"0":{"start":{"line":4,"column":25},"end":{"line":4,"column":64}},"1":{"start":{"line":6,"column":2},"end":{"line":14,"column":null}},"2":{"start":{"line":7,"column":20},"end":{"line":9,"column":13}},"3":{"start":{"line":8,"column":6},"end":{"line":8,"column":null}},"4":{"start":{"line":11,"column":4},"end":{"line":12,"column":null}},"5":{"start":{"line":12,"column":6},"end":{"line":12,"column":null}},"6":{"start":{"line":16,"column":2},"end":{"line":16,"column":null}}},"fnMap":{"0":{"name":"useDebounce","decl":{"start":{"line":3,"column":16},"end":{"line":3,"column":31}},"loc":{"start":{"line":3,"column":59},"end":{"line":16,"column":null}},"line":3},"1":{"name":"(anonymous_1)","decl":{"start":{"line":6,"column":2},"end":{"line":6,"column":18}},"loc":{"start":{"line":6,"column":18},"end":{"line":14,"column":6}},"line":6},"2":{"name":"(anonymous_2)","decl":{"start":{"line":7,"column":20},"end":{"line":7,"column":37}},"loc":{"start":{"line":7,"column":37},"end":{"line":9,"column":13}},"line":7},"3":{"name":"(anonymous_3)","decl":{"start":{"line":11,"column":4},"end":{"line":11,"column":17}},"loc":{"start":{"line":11,"column":17},"end":{"line":12,"column":null}},"line":11}},"branchMap":{},"s":{"0":3,"1":3,"2":2,"3":1,"4":2,"5":2,"6":3},"f":{"0":3,"1":2,"2":1,"3":2},"b":{},"meta":{"lastBranch":0,"lastFunction":4,"lastStatement":7,"seen":{"f:3:16:3:31":0,"s:4:25:4:64":0,"s:6:2:14:Infinity":1,"f:6:2:6:18":1,"s:7:20:9:13":2,"f:7:20:7:37":2,"s:8:6:8:Infinity":3,"s:11:4:12:Infinity":4,"f:11:4:11:17":3,"s:12:6:12:Infinity":5,"s:16:2:16:Infinity":6}}}
,"D:\\Ashen\\ashencrm\\frontend\\src\\hooks\\useModals.ts": {"path":"D:\\Ashen\\ashencrm\\frontend\\src\\hooks\\useModals.ts","statementMap":{"0":{"start":{"line":5,"column":16},"end":{"line":5,"column":53}},"1":{"start":{"line":6,"column":21},"end":{"line":6,"column":74}},"2":{"start":{"line":7,"column":22},"end":{"line":12,"column":4}},"3":{"start":{"line":13,"column":24},"end":{"line":13,"column":95}},"4":{"start":{"line":15,"column":8},"end":{"line":21,"column":8}},"5":{"start":{"line":16,"column":4},"end":{"line":20,"column":null}},"6":{"start":{"line":17,"column":6},"end":{"line":17,"column":null}},"7":{"start":{"line":18,"column":6},"end":{"line":18,"column":null}},"8":{"start":{"line":19,"column":7},"end":{"line":19,"column":null}},"9":{"start":{"line":23,"column":8},"end":{"line":35,"column":null}},"10":{"start":{"line":30,"column":6},"end":{"line":34,"column":null}},"11":{"start":{"line":31,"column":8},"end":{"line":31,"column":null}},"12":{"start":{"line":32,"column":8},"end":{"line":32,"column":null}},"13":{"start":{"line":33,"column":8},"end":{"line":33,"column":null}},"14":{"start":{"line":33,"column":31},"end":{"line":33,"column":39}},"15":{"start":{"line":38,"column":8},"end":{"line":41,"column":8}},"16":{"start":{"line":39,"column":4},"end":{"line":39,"column":null}},"17":{"start":{"line":40,"column":5},"end":{"line":40,"column":null}},"18":{"start":{"line":43,"column":8},"end":{"line":47,"column":21}},"19":{"start":{"line":44,"column":4},"end":{"line":44,"column":null}},"20":{"start":{"line":45,"column":4},"end":{"line":45,"column":null}},"21":{"start":{"line":46,"column":4},"end":{"line":46,"column":null}},"22":{"start":{"line":49,"column":8},"end":{"line":53,"column":21}},"23":{"start":{"line":50,"column":4},"end":{"line":50,"column":null}},"24":{"start":{"line":51,"column":4},"end":{"line":51,"column":null}},"25":{"start":{"line":52,"column":4},"end":{"line":52,"column":null}},"26":{"start":{"line":55,"column":2},"end":{"line":66,"column":null}}},"fnMap":{"0":{"name":"useModals","decl":{"start":{"line":4,"column":16},"end":{"line":4,"column":28}},"loc":{"start":{"line":4,"column":28},"end":{"line":66,"column":null}},"line":4},"1":{"name":"(anonymous_1)","decl":{"start":{"line":15,"column":20},"end":{"line":15,"column":33}},"loc":{"start":{"line":15,"column":68},"end":{"line":21,"column":7}},"line":15},"2":{"name":"(anonymous_2)","decl":{"start":{"line":16,"column":15},"end":{"line":16,"column":30}},"loc":{"start":{"line":16,"column":42},"end":{"line":20,"column":null}},"line":16},"3":{"name":"(anonymous_3)","decl":{"start":{"line":23,"column":21},"end":{"line":23,"column":null}},"loc":{"start":{"line":30,"column":6},"end":{"line":34,"column":null}},"line":30},"4":{"name":"(anonymous_4)","decl":{"start":{"line":30,"column":10},"end":{"line":30,"column":34}},"loc":{"start":{"line":30,"column":46},"end":{"line":34,"column":null}},"line":30},"5":{"name":"(anonymous_5)","decl":{"start":{"line":33,"column":8},"end":{"line":33,"column":31}},"loc":{"start":{"line":33,"column":31},"end":{"line":33,"column":39}},"line":33},"6":{"name":"(anonymous_6)","decl":{"start":{"line":38,"column":21},"end":{"line":38,"column":39}},"loc":{"start":{"line":38,"column":39},"end":{"line":41,"column":7}},"line":38},"7":{"name":"(anonymous_7)","decl":{"start":{"line":43,"column":24},"end":{"line":43,"column":37}},"loc":{"start":{"line":43,"column":62},"end":{"line":47,"column":6}},"line":43},"8":{"name":"(anonymous_8)","decl":{"start":{"line":49,"column":23},"end":{"line":49,"column":41}},"loc":{"start":{"line":49,"column":41},"end":{"line":53,"column":6}},"line":49}},"branchMap":{"0":{"loc":{"start":{"line":27,"column":6},"end":{"line":27,"column":null}},"type":"default-arg","locations":[{"start":{"line":27,"column":29},"end":{"line":27,"column":null}}],"line":27},"1":{"loc":{"start":{"line":31,"column":64},"end":{"line":31,"column":81}},"type":"binary-expr","locations":[{"start":{"line":31,"column":64},"end":{"line":31,"column":75}},{"start":{"line":31,"column":75},"end":{"line":31,"column":81}}],"line":31}},"s":{"0":8,"1":8,"2":8,"3":8,"4":8,"5":1,"6":1,"7":1,"8":1,"9":8,"10":2,"11":2,"12":2,"13":2,"14":2,"15":8,"16":1,"17":1,"18":8,"19":1,"20":1,"21":1,"22":8,"23":1,"24":1,"25":1,"26":8},"f":{"0":8,"1":1,"2":1,"3":2,"4":2,"5":2,"6":1,"7":1,"8":1},"b":{"0":[2],"1":[2,1]},"meta":{"lastBranch":2,"lastFunction":9,"lastStatement":27,"seen":{"f:4:16:4:28":0,"s:5:16:5:53":0,"s:6:21:6:74":1,"s:7:22:12:4":2,"s:13:24:13:95":3,"s:15:8:21:8":4,"f:15:20:15:33":1,"s:16:4:20:Infinity":5,"f:16:15:16:30":2,"s:17:6:17:Infinity":6,"s:18:6:18:Infinity":7,"s:19:7:19:Infinity":8,"s:23:8:35:Infinity":9,"f:23:21:23:Infinity":3,"s:30:6:34:Infinity":10,"b:27:29:27:Infinity":0,"f:30:10:30:34":4,"s:31:8:31:Infinity":11,"b:31:64:31:75:31:75:31:81":1,"s:32:8:32:Infinity":12,"s:33:8:33:Infinity":13,"f:33:8:33:31":5,"s:33:31:33:39":14,"s:38:8:41:8":15,"f:38:21:38:39":6,"s:39:4:39:Infinity":16,"s:40:5:40:Infinity":17,"s:43:8:47:21":18,"f:43:24:43:37":7,"s:44:4:44:Infinity":19,"s:45:4:45:Infinity":20,"s:46:4:46:Infinity":21,"s:49:8:53:21":22,"f:49:23:49:41":8,"s:50:4:50:Infinity":23,"s:51:4:51:Infinity":24,"s:52:4:52:Infinity":25,"s:55:2:66:Infinity":26}}}
,"D:\\Ashen\\ashencrm\\frontend\\src\\hooks\\useProspects.ts": {"path":"D:\\Ashen\\ashencrm\\frontend\\src\\hooks\\useProspects.ts","statementMap":{"0":{"start":{"line":15,"column":20},"end":{"line":15,"column":60}},"1":{"start":{"line":16,"column":19},"end":{"line":16,"column":57}},"2":{"start":{"line":17,"column":16},"end":{"line":17,"column":64}},"3":{"start":{"line":18,"column":18},"end":{"line":18,"column":59}},"4":{"start":{"line":19,"column":18},"end":{"line":19,"column":79}},"5":{"start":{"line":21,"column":8},"end":{"line":29,"column":15}},"6":{"start":{"line":22,"column":17},"end":{"line":22,"column":46}},"7":{"start":{"line":23,"column":4},"end":{"line":23,"column":null}},"8":{"start":{"line":24,"column":4},"end":{"line":27,"column":null}},"9":{"start":{"line":25,"column":35},"end":{"line":25,"column":85}},"10":{"start":{"line":26,"column":6},"end":{"line":26,"column":null}},"11":{"start":{"line":27,"column":6},"end":{"line":27,"column":null}},"12":{"start":{"line":31,"column":8},"end":{"line":34,"column":8}},"13":{"start":{"line":32,"column":16},"end":{"line":32,"column":36}},"14":{"start":{"line":33,"column":4},"end":{"line":33,"column":null}},"15":{"start":{"line":36,"column":2},"end":{"line":42,"column":null}},"16":{"start":{"line":37,"column":4},"end":{"line":41,"column":null}},"17":{"start":{"line":38,"column":6},"end":{"line":38,"column":null}},"18":{"start":{"line":39,"column":6},"end":{"line":39,"column":null}},"19":{"start":{"line":40,"column":6},"end":{"line":40,"column":null}},"20":{"start":{"line":44,"column":2},"end":{"line":44,"column":null}}},"fnMap":{"0":{"name":"useProspects","decl":{"start":{"line":14,"column":16},"end":{"line":14,"column":31}},"loc":{"start":{"line":14,"column":31},"end":{"line":44,"column":null}},"line":14},"1":{"name":"(anonymous_1)","decl":{"start":{"line":21,"column":30},"end":{"line":21,"column":37}},"loc":{"start":{"line":21,"column":58},"end":{"line":29,"column":6}},"line":21},"2":{"name":"(anonymous_2)","decl":{"start":{"line":31,"column":37},"end":{"line":31,"column":49}},"loc":{"start":{"line":31,"column":49},"end":{"line":34,"column":7}},"line":31},"3":{"name":"(anonymous_3)","decl":{"start":{"line":36,"column":2},"end":{"line":36,"column":18}},"loc":{"start":{"line":36,"column":18},"end":{"line":42,"column":6}},"line":36},"4":{"name":"(anonymous_4)","decl":{"start":{"line":37,"column":5},"end":{"line":37,"column":17}},"loc":{"start":{"line":37,"column":17},"end":{"line":41,"column":null}},"line":37}},"branchMap":{"0":{"loc":{"start":{"line":21,"column":37},"end":{"line":21,"column":58}},"type":"default-arg","locations":[{"start":{"line":21,"column":48},"end":{"line":21,"column":58}}],"line":21},"1":{"loc":{"start":{"line":24,"column":4},"end":{"line":27,"column":null}},"type":"if","locations":[{"start":{"line":24,"column":4},"end":{"line":27,"column":null}},{"start":{},"end":{}}],"line":24}},"s":{"0":4,"1":4,"2":4,"3":4,"4":4,"5":4,"6":3,"7":3,"8":3,"9":2,"10":2,"11":2,"12":4,"13":2,"14":2,"15":4,"16":2,"17":2,"18":2,"19":2,"20":4},"f":{"0":4,"1":3,"2":2,"3":2,"4":2},"b":{"0":[3],"1":[2,1]},"meta":{"lastBranch":2,"lastFunction":5,"lastStatement":21,"seen":{"f:14:16:14:31":0,"s:15:20:15:60":0,"s:16:19:16:57":1,"s:17:16:17:64":2,"s:18:18:18:59":3,"s:19:18:19:79":4,"s:21:8:29:15":5,"f:21:30:21:37":1,"b:21:48:21:58":0,"s:22:17:22:46":6,"s:23:4:23:Infinity":7,"b:24:4:27:Infinity:undefined:undefined:undefined:undefined":1,"s:24:4:27:Infinity":8,"s:25:35:25:85":9,"s:26:6:26:Infinity":10,"s:27:6:27:Infinity":11,"s:31:8:34:8":12,"f:31:37:31:49":2,"s:32:16:32:36":13,"s:33:4:33:Infinity":14,"s:36:2:42:Infinity":15,"f:36:2:36:18":3,"s:37:4:41:Infinity":16,"f:37:5:37:17":4,"s:38:6:38:Infinity":17,"s:39:6:39:Infinity":18,"s:40:6:40:Infinity":19,"s:44:2:44:Infinity":20}}}
,"D:\\Ashen\\ashencrm\\frontend\\src\\hooks\\useScanner.ts": {"path":"D:\\Ashen\\ashencrm\\frontend\\src\\hooks\\useScanner.ts","statementMap":{"0":{"start":{"line":6,"column":15},"end":{"line":6,"column":48}},"1":{"start":{"line":7,"column":17},"end":{"line":7,"column":45}},"2":{"start":{"line":8,"column":20},"end":{"line":8,"column":51}},"3":{"start":{"line":9,"column":8},"end":{"line":9,"column":49}},"4":{"start":{"line":10,"column":8},"end":{"line":10,"column":66}},"5":{"start":{"line":12,"column":8},"end":{"line":28,"column":8}},"6":{"start":{"line":13,"column":4},"end":{"line":13,"column":null}},"7":{"start":{"line":14,"column":4},"end":{"line":14,"column":null}},"8":{"start":{"line":15,"column":4},"end":{"line":15,"column":null}},"9":{"start":{"line":16,"column":4},"end":{"line":16,"column":null}},"10":{"start":{"line":16,"column":29},"end":{"line":16,"column":null}},"11":{"start":{"line":17,"column":4},"end":{"line":27,"column":null}},"12":{"start":{"line":18,"column":22},"end":{"line":18,"column":45}},"13":{"start":{"line":19,"column":6},"end":{"line":19,"column":null}},"14":{"start":{"line":20,"column":19},"end":{"line":20,"column":null}},"15":{"start":{"line":21,"column":6},"end":{"line":25,"column":null}},"16":{"start":{"line":22,"column":8},"end":{"line":22,"column":null}},"17":{"start":{"line":22,"column":33},"end":{"line":22,"column":null}},"18":{"start":{"line":23,"column":8},"end":{"line":23,"column":null}},"19":{"start":{"line":24,"column":8},"end":{"line":24,"column":null}},"20":{"start":{"line":25,"column":8},"end":{"line":25,"column":null}},"21":{"start":{"line":30,"column":8},"end":{"line":32,"column":8}},"22":{"start":{"line":31,"column":4},"end":{"line":31,"column":null}},"23":{"start":{"line":34,"column":8},"end":{"line":36,"column":8}},"24":{"start":{"line":35,"column":4},"end":{"line":35,"column":null}},"25":{"start":{"line":38,"column":18},"end":{"line":38,"column":null}},"26":{"start":{"line":40,"column":2},"end":{"line":40,"column":null}}},"fnMap":{"0":{"name":"useScanner","decl":{"start":{"line":5,"column":16},"end":{"line":5,"column":29}},"loc":{"start":{"line":5,"column":29},"end":{"line":40,"column":null}},"line":5},"1":{"name":"(anonymous_1)","decl":{"start":{"line":12,"column":16},"end":{"line":12,"column":29}},"loc":{"start":{"line":12,"column":66},"end":{"line":28,"column":7}},"line":12},"2":{"name":"(anonymous_2)","decl":{"start":{"line":17,"column":45},"end":{"line":17,"column":57}},"loc":{"start":{"line":17,"column":57},"end":{"line":27,"column":21}},"line":17},"3":{"name":"(anonymous_3)","decl":{"start":{"line":30,"column":19},"end":{"line":30,"column":37}},"loc":{"start":{"line":30,"column":37},"end":{"line":32,"column":7}},"line":30},"4":{"name":"(anonymous_4)","decl":{"start":{"line":34,"column":18},"end":{"line":34,"column":36}},"loc":{"start":{"line":34,"column":36},"end":{"line":36,"column":7}},"line":34}},"branchMap":{"0":{"loc":{"start":{"line":13,"column":28},"end":{"line":13,"column":null}},"type":"binary-expr","locations":[{"start":{"line":13,"column":28},"end":{"line":13,"column":42}},{"start":{"line":13,"column":42},"end":{"line":13,"column":null}}],"line":13},"1":{"loc":{"start":{"line":16,"column":4},"end":{"line":16,"column":null}},"type":"if","locations":[{"start":{"line":16,"column":4},"end":{"line":16,"column":null}},{"start":{},"end":{}}],"line":16},"2":{"loc":{"start":{"line":20,"column":19},"end":{"line":20,"column":null}},"type":"binary-expr","locations":[{"start":{"line":20,"column":19},"end":{"line":20,"column":50}},{"start":{"line":20,"column":50},"end":{"line":20,"column":null}}],"line":20},"3":{"loc":{"start":{"line":21,"column":6},"end":{"line":25,"column":null}},"type":"if","locations":[{"start":{"line":21,"column":6},"end":{"line":25,"column":null}},{"start":{},"end":{}}],"line":21},"4":{"loc":{"start":{"line":21,"column":10},"end":{"line":21,"column":63}},"type":"binary-expr","locations":[{"start":{"line":21,"column":10},"end":{"line":21,"column":37}},{"start":{"line":21,"column":41},"end":{"line":21,"column":63}}],"line":21},"5":{"loc":{"start":{"line":22,"column":8},"end":{"line":22,"column":null}},"type":"if","locations":[{"start":{"line":22,"column":8},"end":{"line":22,"column":null}},{"start":{},"end":{}}],"line":22},"6":{"loc":{"start":{"line":38,"column":18},"end":{"line":38,"column":null}},"type":"binary-expr","locations":[{"start":{"line":38,"column":18},"end":{"line":38,"column":65}},{"start":{"line":38,"column":69},"end":{"line":38,"column":null}}],"line":38}},"s":{"0":18,"1":18,"2":18,"3":18,"4":18,"5":18,"6":5,"7":5,"8":5,"9":5,"10":1,"11":5,"12":6,"13":6,"14":6,"15":6,"16":2,"17":2,"18":2,"19":2,"20":2,"21":18,"22":1,"23":18,"24":1,"25":18,"26":18},"f":{"0":18,"1":5,"2":6,"3":1,"4":1},"b":{"0":[5,3],"1":[1,4],"2":[6,0],"3":[2,4],"4":[6,5],"5":[2,0],"6":[18,11]},"meta":{"lastBranch":7,"lastFunction":5,"lastStatement":27,"seen":{"f:5:16:5:29":0,"s:6:15:6:48":0,"s:7:17:7:45":1,"s:8:20:8:51":2,"s:9:8:9:49":3,"s:10:8:10:66":4,"s:12:8:28:8":5,"f:12:16:12:29":1,"s:13:4:13:Infinity":6,"b:13:28:13:42:13:42:13:Infinity":0,"s:14:4:14:Infinity":7,"s:15:4:15:Infinity":8,"b:16:4:16:Infinity:undefined:undefined:undefined:undefined":1,"s:16:4:16:Infinity":9,"s:16:29:16:Infinity":10,"s:17:4:27:Infinity":11,"f:17:45:17:57":2,"s:18:22:18:45":12,"s:19:6:19:Infinity":13,"s:20:19:20:Infinity":14,"b:20:19:20:50:20:50:20:Infinity":2,"b:21:6:25:Infinity:undefined:undefined:undefined:undefined":3,"s:21:6:25:Infinity":15,"b:21:10:21:37:21:41:21:63":4,"b:22:8:22:Infinity:undefined:undefined:undefined:undefined":5,"s:22:8:22:Infinity":16,"s:22:33:22:Infinity":17,"s:23:8:23:Infinity":18,"s:24:8:24:Infinity":19,"s:25:8:25:Infinity":20,"s:30:8:32:8":21,"f:30:19:30:37":3,"s:31:4:31:Infinity":22,"s:34:8:36:8":23,"f:34:18:34:36":4,"s:35:4:35:Infinity":24,"s:38:18:38:Infinity":25,"b:38:18:38:65:38:69:38:Infinity":6,"s:40:2:40:Infinity":26}}}
,"D:\\Ashen\\ashencrm\\frontend\\src\\utils\\catalogCategoryOptions.ts": {"path":"D:\\Ashen\\ashencrm\\frontend\\src\\utils\\catalogCategoryOptions.ts","statementMap":{"0":{"start":{"line":11,"column":8},"end":{"line":11,"column":40}},"1":{"start":{"line":12,"column":2},"end":{"line":12,"column":null}},"2":{"start":{"line":12,"column":12},"end":{"line":12,"column":null}},"3":{"start":{"line":13,"column":2},"end":{"line":13,"column":null}},"4":{"start":{"line":13,"column":26},"end":{"line":13,"column":41}},"5":{"start":{"line":13,"column":43},"end":{"line":13,"column":null}},"6":{"start":{"line":14,"column":2},"end":{"line":14,"column":null}}},"fnMap":{"0":{"name":"catalogCategoryOptions","decl":{"start":{"line":7,"column":16},"end":{"line":7,"column":null}},"loc":{"start":{"line":10,"column":17},"end":{"line":14,"column":null}},"line":10},"1":{"name":"(anonymous_1)","decl":{"start":{"line":13,"column":14},"end":{"line":13,"column":20}},"loc":{"start":{"line":13,"column":26},"end":{"line":13,"column":41}},"line":13}},"branchMap":{"0":{"loc":{"start":{"line":11,"column":15},"end":{"line":11,"column":34}},"type":"binary-expr","locations":[{"start":{"line":11,"column":15},"end":{"line":11,"column":30}},{"start":{"line":11,"column":30},"end":{"line":11,"column":34}}],"line":11},"1":{"loc":{"start":{"line":12,"column":2},"end":{"line":12,"column":null}},"type":"if","locations":[{"start":{"line":12,"column":2},"end":{"line":12,"column":null}},{"start":{},"end":{}}],"line":12},"2":{"loc":{"start":{"line":13,"column":2},"end":{"line":13,"column":null}},"type":"if","locations":[{"start":{"line":13,"column":2},"end":{"line":13,"column":null}},{"start":{},"end":{}}],"line":13}},"s":{"0":4,"1":4,"2":2,"3":2,"4":2,"5":2,"6":1},"f":{"0":4,"1":2},"b":{"0":[4,1],"1":[2,2],"2":[1,1]},"meta":{"lastBranch":3,"lastFunction":2,"lastStatement":7,"seen":{"f:7:16:7:Infinity":0,"s:11:8:11:40":0,"b:11:15:11:30:11:30:11:34":0,"b:12:2:12:Infinity:undefined:undefined:undefined:undefined":1,"s:12:2:12:Infinity":1,"s:12:12:12:Infinity":2,"b:13:2:13:Infinity:undefined:undefined:undefined:undefined":2,"s:13:2:13:Infinity":3,"f:13:14:13:20":1,"s:13:26:13:41":4,"s:13:43:13:Infinity":5,"s:14:2:14:Infinity":6}}}
,"D:\\Ashen\\ashencrm\\frontend\\src\\utils\\categoryLucideIcons.tsx": {"path":"D:\\Ashen\\ashencrm\\frontend\\src\\utils\\categoryLucideIcons.tsx","statementMap":{"0":{"start":{"line":43,"column":87},"end":{"line":80,"column":null}},"1":{"start":{"line":82,"column":47},"end":{"line":83,"column":null}},"2":{"start":{"line":83,"column":45},"end":{"line":83,"column":55}},"3":{"start":{"line":95,"column":14},"end":{"line":95,"column":null}},"4":{"start":{"line":96,"column":2},"end":{"line":97,"column":null}},"5":{"start":{"line":97,"column":4},"end":{"line":97,"column":null}},"6":{"start":{"line":99,"column":2},"end":{"line":99,"column":null}},"7":{"start":{"line":103,"column":2},"end":{"line":103,"column":null}},"8":{"start":{"line":103,"column":42},"end":{"line":103,"column":58}}},"fnMap":{"0":{"name":"(anonymous_0)","decl":{"start":{"line":83,"column":23},"end":{"line":83,"column":28}},"loc":{"start":{"line":83,"column":45},"end":{"line":83,"column":55}},"line":83},"1":{"name":"LucideCategoryIcon","decl":{"start":{"line":86,"column":16},"end":{"line":86,"column":35}},"loc":{"start":{"line":94,"column":3},"end":{"line":99,"column":null}},"line":94},"2":{"name":"getCategoryIconLabel","decl":{"start":{"line":102,"column":16},"end":{"line":102,"column":37}},"loc":{"start":{"line":102,"column":73},"end":{"line":103,"column":null}},"line":102},"3":{"name":"(anonymous_3)","decl":{"start":{"line":103,"column":30},"end":{"line":103,"column":36}},"loc":{"start":{"line":103,"column":42},"end":{"line":103,"column":58}},"line":103}},"branchMap":{"0":{"loc":{"start":{"line":88,"column":2},"end":{"line":88,"column":null}},"type":"default-arg","locations":[{"start":{"line":88,"column":9},"end":{"line":88,"column":null}}],"line":88},"1":{"loc":{"start":{"line":95,"column":14},"end":{"line":95,"column":null}},"type":"cond-expr","locations":[{"start":{"line":95,"column":23},"end":{"line":95,"column":44}},{"start":{"line":95,"column":44},"end":{"line":95,"column":null}}],"line":95},"2":{"loc":{"start":{"line":96,"column":2},"end":{"line":97,"column":null}},"type":"if","locations":[{"start":{"line":96,"column":2},"end":{"line":97,"column":null}},{"start":{},"end":{}}],"line":96}},"s":{"0":1,"1":1,"2":36,"3":3,"4":3,"5":2,"6":1,"7":2,"8":37},"f":{"0":36,"1":3,"2":2,"3":37},"b":{"0":[3],"1":[2,1],"2":[2,1]},"meta":{"lastBranch":3,"lastFunction":4,"lastStatement":9,"seen":{"s:43:87:80:Infinity":0,"s:82:47:83:Infinity":1,"f:83:23:83:28":0,"s:83:45:83:55":2,"f:86:16:86:35":1,"b:88:9:88:Infinity":0,"s:95:14:95:Infinity":3,"b:95:23:95:44:95:44:95:Infinity":1,"b:96:2:97:Infinity:undefined:undefined:undefined:undefined":2,"s:96:2:97:Infinity":4,"s:97:4:97:Infinity":5,"s:99:2:99:Infinity":6,"f:102:16:102:37":2,"s:103:2:103:Infinity":7,"f:103:30:103:36":3,"s:103:42:103:58":8}}}
,"D:\\Ashen\\ashencrm\\frontend\\src\\utils\\filters.ts": {"path":"D:\\Ashen\\ashencrm\\frontend\\src\\utils\\filters.ts","statementMap":{"0":{"start":{"line":4,"column":2},"end":{"line":10,"column":null}}},"fnMap":{"0":{"name":"createDefaultFilters","decl":{"start":{"line":3,"column":16},"end":{"line":3,"column":56}},"loc":{"start":{"line":3,"column":56},"end":{"line":10,"column":null}},"line":3}},"branchMap":{},"s":{"0":3},"f":{"0":3},"b":{},"meta":{"lastBranch":0,"lastFunction":1,"lastStatement":1,"seen":{"f:3:16:3:56":0,"s:4:2:10:Infinity":0}}}
,"D:\\Ashen\\ashencrm\\frontend\\src\\utils\\statCards.ts": {"path":"D:\\Ashen\\ashencrm\\frontend\\src\\utils\\statCards.ts","statementMap":{"0":{"start":{"line":5,"column":2},"end":{"line":11,"column":null}},"1":{"start":{"line":15,"column":2},"end":{"line":20,"column":null}}},"fnMap":{"0":{"name":"createDefaultFilters","decl":{"start":{"line":4,"column":16},"end":{"line":4,"column":56}},"loc":{"start":{"line":4,"column":56},"end":{"line":11,"column":null}},"line":4},"1":{"name":"createStatCardsConfig","decl":{"start":{"line":14,"column":16},"end":{"line":14,"column":38}},"loc":{"start":{"line":14,"column":84},"end":{"line":20,"column":null}},"line":14}},"branchMap":{"0":{"loc":{"start":{"line":17,"column":64},"end":{"line":17,"column":82}},"type":"binary-expr","locations":[{"start":{"line":17,"column":64},"end":{"line":17,"column":79}},{"start":{"line":17,"column":79},"end":{"line":17,"column":82}}],"line":17},"1":{"loc":{"start":{"line":18,"column":69},"end":{"line":18,"column":94}},"type":"binary-expr","locations":[{"start":{"line":18,"column":69},"end":{"line":18,"column":91}},{"start":{"line":18,"column":91},"end":{"line":18,"column":94}}],"line":18},"2":{"loc":{"start":{"line":19,"column":81},"end":{"line":19,"column":103}},"type":"binary-expr","locations":[{"start":{"line":19,"column":81},"end":{"line":19,"column":100}},{"start":{"line":19,"column":100},"end":{"line":19,"column":103}}],"line":19}},"s":{"0":1,"1":2},"f":{"0":1,"1":2},"b":{"0":[2,1],"1":[2,1],"2":[2,1]},"meta":{"lastBranch":3,"lastFunction":2,"lastStatement":2,"seen":{"f:4:16:4:56":0,"s:5:2:11:Infinity":0,"f:14:16:14:38":1,"s:15:2:20:Infinity":1,"b:17:64:17:79:17:79:17:82":0,"b:18:69:18:91:18:91:18:94":1,"b:19:81:19:100:19:100:19:103":2}}}
,"D:\\Ashen\\ashencrm\\frontend\\src\\utils\\statusMapper.ts": {"path":"D:\\Ashen\\ashencrm\\frontend\\src\\utils\\statusMapper.ts","statementMap":{"0":{"start":{"line":4,"column":47},"end":{"line":13,"column":null}},"1":{"start":{"line":16,"column":2},"end":{"line":16,"column":null}},"2":{"start":{"line":16,"column":10},"end":{"line":16,"column":null}},"3":{"start":{"line":17,"column":2},"end":{"line":18,"column":null}},"4":{"start":{"line":18,"column":4},"end":{"line":18,"column":null}},"5":{"start":{"line":19,"column":2},"end":{"line":22,"column":null}},"6":{"start":{"line":25,"column":46},"end":{"line":34,"column":null}},"7":{"start":{"line":37,"column":2},"end":{"line":37,"column":null}},"8":{"start":{"line":40,"column":46},"end":{"line":49,"column":null}},"9":{"start":{"line":52,"column":2},"end":{"line":52,"column":null}},"10":{"start":{"line":55,"column":52},"end":{"line":65,"column":null}},"11":{"start":{"line":67,"column":52},"end":{"line":77,"column":null}},"12":{"start":{"line":80,"column":2},"end":{"line":80,"column":null}},"13":{"start":{"line":84,"column":2},"end":{"line":84,"column":null}}},"fnMap":{"0":{"name":"mapStatusToInfo","decl":{"start":{"line":15,"column":16},"end":{"line":15,"column":32}},"loc":{"start":{"line":15,"column":64},"end":{"line":22,"column":null}},"line":15},"1":{"name":"mapStatusToColor","decl":{"start":{"line":36,"column":16},"end":{"line":36,"column":33}},"loc":{"start":{"line":36,"column":58},"end":{"line":37,"column":null}},"line":36},"2":{"name":"mapStatusToLabel","decl":{"start":{"line":51,"column":16},"end":{"line":51,"column":33}},"loc":{"start":{"line":51,"column":58},"end":{"line":52,"column":null}},"line":51},"3":{"name":"mapClientStageToColor","decl":{"start":{"line":79,"column":16},"end":{"line":79,"column":38}},"loc":{"start":{"line":79,"column":62},"end":{"line":80,"column":null}},"line":79},"4":{"name":"mapClientStageToLabel","decl":{"start":{"line":83,"column":16},"end":{"line":83,"column":38}},"loc":{"start":{"line":83,"column":62},"end":{"line":84,"column":null}},"line":83}},"branchMap":{"0":{"loc":{"start":{"line":16,"column":2},"end":{"line":16,"column":null}},"type":"if","locations":[{"start":{"line":16,"column":2},"end":{"line":16,"column":null}},{"start":{},"end":{}}],"line":16},"1":{"loc":{"start":{"line":17,"column":2},"end":{"line":18,"column":null}},"type":"if","locations":[{"start":{"line":17,"column":2},"end":{"line":18,"column":null}},{"start":{},"end":{}}],"line":17},"2":{"loc":{"start":{"line":17,"column":6},"end":{"line":17,"column":null}},"type":"binary-expr","locations":[{"start":{"line":17,"column":6},"end":{"line":17,"column":24}},{"start":{"line":17,"column":24},"end":{"line":17,"column":null}}],"line":17},"3":{"loc":{"start":{"line":19,"column":9},"end":{"line":22,"column":null}},"type":"binary-expr","locations":[{"start":{"line":19,"column":9},"end":{"line":19,"column":39}},{"start":{"line":19,"column":39},"end":{"line":22,"column":null}}],"line":19},"4":{"loc":{"start":{"line":19,"column":20},"end":{"line":19,"column":39}},"type":"binary-expr","locations":[{"start":{"line":19,"column":20},"end":{"line":19,"column":32}},{"start":{"line":19,"column":32},"end":{"line":19,"column":39}}],"line":19},"5":{"loc":{"start":{"line":20,"column":12},"end":{"line":20,"column":29}},"type":"binary-expr","locations":[{"start":{"line":20,"column":12},"end":{"line":20,"column":24}},{"start":{"line":20,"column":24},"end":{"line":20,"column":29}}],"line":20},"6":{"loc":{"start":{"line":37,"column":9},"end":{"line":37,"column":null}},"type":"binary-expr","locations":[{"start":{"line":37,"column":9},"end":{"line":37,"column":40}},{"start":{"line":37,"column":40},"end":{"line":37,"column":null}}],"line":37},"7":{"loc":{"start":{"line":37,"column":23},"end":{"line":37,"column":40}},"type":"binary-expr","locations":[{"start":{"line":37,"column":23},"end":{"line":37,"column":33}},{"start":{"line":37,"column":33},"end":{"line":37,"column":40}}],"line":37},"8":{"loc":{"start":{"line":52,"column":9},"end":{"line":52,"column":null}},"type":"binary-expr","locations":[{"start":{"line":52,"column":9},"end":{"line":52,"column":40}},{"start":{"line":52,"column":40},"end":{"line":52,"column":50}},{"start":{"line":52,"column":50},"end":{"line":52,"column":null}}],"line":52},"9":{"loc":{"start":{"line":80,"column":9},"end":{"line":80,"column":null}},"type":"binary-expr","locations":[{"start":{"line":80,"column":9},"end":{"line":80,"column":45}},{"start":{"line":80,"column":45},"end":{"line":80,"column":null}}],"line":80},"10":{"loc":{"start":{"line":80,"column":29},"end":{"line":80,"column":45}},"type":"binary-expr","locations":[{"start":{"line":80,"column":29},"end":{"line":80,"column":38}},{"start":{"line":80,"column":38},"end":{"line":80,"column":45}}],"line":80},"11":{"loc":{"start":{"line":84,"column":9},"end":{"line":84,"column":null}},"type":"binary-expr","locations":[{"start":{"line":84,"column":9},"end":{"line":84,"column":46}},{"start":{"line":84,"column":38},"end":{"line":84,"column":77}},{"start":{"line":84,"column":81},"end":{"line":84,"column":null}}],"line":84},"12":{"loc":{"start":{"line":84,"column":29},"end":{"line":84,"column":46}},"type":"binary-expr","locations":[{"start":{"line":84,"column":29},"end":{"line":84,"column":38}},{"start":{"line":84,"column":38},"end":{"line":84,"column":46}}],"line":84}},"s":{"0":2,"1":7,"2":1,"3":6,"4":2,"5":4,"6":2,"7":4,"8":2,"9":4,"10":2,"11":2,"12":2,"13":3},"f":{"0":7,"1":4,"2":4,"3":2,"4":3},"b":{"0":[1,6],"1":[2,4],"2":[6,5],"3":[4,3],"4":[4,1],"5":[3,1],"6":[4,2],"7":[4,1],"8":[4,2,1],"9":[2,1],"10":[2,1],"11":[3,2,1],"12":[3,1]},"meta":{"lastBranch":13,"lastFunction":5,"lastStatement":14,"seen":{"s:4:47:13:Infinity":0,"f:15:16:15:32":0,"b:16:2:16:Infinity:undefined:undefined:undefined:undefined":0,"s:16:2:16:Infinity":1,"s:16:10:16:Infinity":2,"b:17:2:18:Infinity:undefined:undefined:undefined:undefined":1,"s:17:2:18:Infinity":3,"b:17:6:17:24:17:24:17:Infinity":2,"s:18:4:18:Infinity":4,"s:19:2:22:Infinity":5,"b:19:9:19:39:19:39:22:Infinity":3,"b:19:20:19:32:19:32:19:39":4,"b:20:12:20:24:20:24:20:29":5,"s:25:46:34:Infinity":6,"f:36:16:36:33":1,"s:37:2:37:Infinity":7,"b:37:9:37:40:37:40:37:Infinity":6,"b:37:23:37:33:37:33:37:40":7,"s:40:46:49:Infinity":8,"f:51:16:51:33":2,"s:52:2:52:Infinity":9,"b:52:9:52:40:52:40:52:50:52:50:52:Infinity":8,"s:55:52:65:Infinity":10,"s:67:52:77:Infinity":11,"f:79:16:79:38":3,"s:80:2:80:Infinity":12,"b:80:9:80:45:80:45:80:Infinity":9,"b:80:29:80:38:80:38:80:45":10,"f:83:16:83:38":4,"s:84:2:84:Infinity":13,"b:84:9:84:46:84:38:84:77:84:81:84:Infinity":11,"b:84:29:84:38:84:38:84:46":12}}}
}
